<?xml version="1.0" encoding="UTF-8"?>
<!-- Generated by org.testng.reporters.JUnitReportReporter -->
<testsuite hostname="DESKTOP-28U849G" name="org.testcases.ProductDetailsTest" tests="1" failures="0" timestamp="2 Feb 2025 01:39:20 GMT" time="15.186" errors="0">
  <testcase name="productDetails" time="15.186" classname="org.testcases.ProductDetailsTest"/>
</testsuite> <!-- org.testcases.ProductDetailsTest -->
